2025.03.31 17:14:41 INFO  Started: Metals version 1.5.2 in folders '/home/gordonyx/src/scala/play-rest-api' for client Neovim 0.10.4+ge96f75a4e6.[0m
2025.03.31 17:14:42 INFO  no build target found for /home/gordonyx/src/scala/play-rest-api/build.sbt. Using presentation compiler with project's scala-library version: 3.3.5[0m
2025.03.31 17:14:47 INFO  running '/home/gordonyx/.local/share/coursier/bin/sbt -Dbloop.export-jar-classifiers=sources bloopInstall'[0m
2025.03.31 17:14:48 INFO  [info] welcome to sbt 1.10.9 (Eclipse Adoptium Java 21.0.6)[0m
2025.03.31 17:14:50 INFO  [info] loading settings for project play-rest-api-build-build-build from metals.sbt...[0m
2025.03.31 17:14:50 INFO  [info] loading project definition from /home/gordonyx/src/scala/play-rest-api/project/project/project[0m
2025.03.31 17:14:52 INFO  [info] loading settings for project play-rest-api-build-build from metals.sbt...[0m
2025.03.31 17:14:52 INFO  [info] loading project definition from /home/gordonyx/src/scala/play-rest-api/project/project[0m
2025.03.31 17:14:54 INFO  [success] Generated .bloop/play-rest-api-build-build.json[0m
2025.03.31 17:14:54 INFO  [success] Total time: 1 s, completed Mar 31, 2025, 5:14:54 PM[0m
2025.03.31 17:14:54 INFO  [info] loading settings for project play-rest-api-build from metals.sbt, plugins.sbt...[0m
2025.03.31 17:14:54 INFO  [info] loading project definition from /home/gordonyx/src/scala/play-rest-api/project[0m
2025.03.31 17:14:56 INFO  [success] Generated .bloop/play-rest-api-build.json[0m
2025.03.31 17:14:56 INFO  [success] Total time: 1 s, completed Mar 31, 2025, 5:14:56 PM[0m
2025.03.31 17:14:57 INFO  [info] loading settings for project root from build.sbt...[0m
2025.03.31 17:14:57 INFO  [info]   __              __[0m
2025.03.31 17:14:57 INFO  [info]   \ \     ____   / /____ _ __  __[0m
2025.03.31 17:14:57 INFO  [info]    \ \   / __ \ / // __ `// / / /[0m
2025.03.31 17:14:57 INFO  [info]    / /  / /_/ // // /_/ // /_/ /[0m
2025.03.31 17:14:57 INFO  [info]   /_/  / .___//_/ \__,_/ \__, /[0m
2025.03.31 17:14:57 INFO  [info]       /_/               /____/[0m
2025.03.31 17:14:57 INFO  [info] [0m
2025.03.31 17:14:57 INFO  [info] Version 3.0.7 running Java 21.0.6[0m
2025.03.31 17:14:57 INFO  [info] [0m
2025.03.31 17:14:57 INFO  [info] Play is run entirely by the community. Please consider contributing and/or donating:[0m
2025.03.31 17:14:57 INFO  [info] https://www.playframework.com/sponsors[0m
2025.03.31 17:14:57 INFO  [info] [0m
2025.03.31 17:15:01 INFO  [success] Generated .bloop/root.json[0m
2025.03.31 17:15:01 INFO  [success] Generated .bloop/root-test.json[0m
2025.03.31 17:15:01 INFO  [success] Total time: 3 s, completed Mar 31, 2025, 5:15:01 PM[0m
2025.03.31 17:15:01 INFO  time: ran 'sbt bloopInstall' in 14s[0m
2025.03.31 17:15:01 INFO  Attempting to connect to the build server...[0m
2025.03.31 17:15:01 INFO  Found a Bloop server running[0m
2025.03.31 17:15:01 INFO  tracing is disabled for protocol BSP, to enable tracing of incoming and outgoing JSON messages create an empty file at /home/gordonyx/src/scala/play-rest-api/.metals/bsp.trace.json or /home/gordonyx/.cache/metals/bsp.trace.json[0m
2025.03.31 17:15:03 INFO  Attempting to connect to the build server...[0m
2025.03.31 17:15:03 INFO  Found a Bloop server running[0m
2025.03.31 17:15:03 INFO  Attempting to connect to the build server...[0m
2025.03.31 17:15:03 INFO  Found a Bloop server running[0m
2025.03.31 17:15:03 INFO  tracing is disabled for protocol BSP, to enable tracing of incoming and outgoing JSON messages create an empty file at /home/gordonyx/src/scala/play-rest-api/project/project/.metals/bsp.trace.json or /home/gordonyx/.cache/metals/bsp.trace.json[0m
2025.03.31 17:15:03 INFO  tracing is disabled for protocol BSP, to enable tracing of incoming and outgoing JSON messages create an empty file at /home/gordonyx/src/scala/play-rest-api/project/.metals/bsp.trace.json or /home/gordonyx/.cache/metals/bsp.trace.json[0m
2025.03.31 17:15:05 INFO  time: Connected to build server in 3.38s[0m
2025.03.31 17:15:05 INFO  Connected to Build server: Bloop v2.0.8[0m
2025.03.31 17:15:05 INFO  time: Imported build in 0.15s[0m
2025.03.31 17:15:24 INFO  time: indexed workspace in 19s[0m
2025.03.31 17:15:47 INFO  Disconnecting from Bloop session...[0m
2025.03.31 17:15:47 INFO  no build target found for /home/gordonyx/src/scala/play-rest-api/build.sbt. Using presentation compiler with project's scala-library version: 2.13.16[0m
2025.03.31 17:15:47 INFO  Shut down connection with build server.[0m
2025.03.31 17:15:47 INFO  Shut down connection with build server.[0m
2025.03.31 17:15:47 INFO  Shut down connection with build server.[0m
Mar 31, 2025 5:15:47 PM scala.meta.internal.pc.CompilerAccess retryWithCleanCompiler
INFO: compiler crashed due to an error in the Scala compiler, retrying with new compiler instance.
2025.03.31 17:15:48 INFO  Attempting to connect to the build server...[0m
2025.03.31 17:15:48 INFO  No running Bloop server found, starting one.[0m
2025.03.31 17:15:49 INFO  time: code lens generation in 1.58s[0m
2025.03.31 17:15:49 INFO  Starting compilation server[0m
2025.03.31 17:15:50 INFO  tracing is disabled for protocol BSP, to enable tracing of incoming and outgoing JSON messages create an empty file at /home/gordonyx/src/scala/play-rest-api/.metals/bsp.trace.json or /home/gordonyx/.cache/metals/bsp.trace.json[0m
2025.03.31 17:15:51 INFO  Attempting to connect to the build server...[0m
2025.03.31 17:15:51 INFO  Found a Bloop server running[0m
2025.03.31 17:15:51 INFO  Attempting to connect to the build server...[0m
2025.03.31 17:15:51 INFO  Found a Bloop server running[0m
2025.03.31 17:15:51 INFO  tracing is disabled for protocol BSP, to enable tracing of incoming and outgoing JSON messages create an empty file at /home/gordonyx/src/scala/play-rest-api/project/project/.metals/bsp.trace.json or /home/gordonyx/.cache/metals/bsp.trace.json[0m
2025.03.31 17:15:51 INFO  tracing is disabled for protocol BSP, to enable tracing of incoming and outgoing JSON messages create an empty file at /home/gordonyx/src/scala/play-rest-api/project/.metals/bsp.trace.json or /home/gordonyx/.cache/metals/bsp.trace.json[0m
2025.03.31 17:15:51 INFO  time: Connected to build server in 2.62s[0m
2025.03.31 17:15:51 INFO  Connected to Build server: Bloop v2.0.9[0m
2025.03.31 17:15:51 INFO  time: Imported build in 0.12s[0m
2025.03.31 17:15:53 INFO  time: indexed workspace in 1.86s[0m
2025.03.31 17:21:49 INFO  Shutting down server[0m
2025.03.31 17:21:49 INFO  shutting down Metals[0m
2025.03.31 17:21:49 INFO  Shut down connection with build server.[0m
2025.03.31 17:21:49 INFO  Shut down connection with build server.[0m
2025.03.31 17:21:49 INFO  Shut down connection with build server.[0m
java.lang.InterruptedException: sleep interrupted
	at java.base/java.lang.Thread.sleep0(Native Method)
	at java.base/java.lang.Thread.sleep(Thread.java:509)
	at scala.meta.internal.pc.CompilerJobQueue.delay(CompilerJobQueue.scala:101)
	at scala.meta.internal.pc.CompilerJobQueue.shutdown(CompilerJobQueue.scala:78)
	at scala.meta.internal.pc.CompilerAccess.shutdown(CompilerAccess.scala:56)
	at scala.meta.internal.pc.ScalaPresentationCompiler.shutdown(ScalaPresentationCompiler.scala:148)
	at scala.meta.internal.metals.CompilerConfiguration$LazyCompiler.$anonfun$shutdown$1(CompilerConfiguration.scala:151)
	at scala.meta.internal.metals.CompilerConfiguration$LazyCompiler.$anonfun$shutdown$1$adapted(CompilerConfiguration.scala:150)
	at scala.concurrent.impl.Promise$Transformation.run(Promise.scala:484)
	at java.base/java.util.concurrent.ThreadPoolExecutor.runWorker(ThreadPoolExecutor.java:1144)
	at java.base/java.util.concurrent.ThreadPoolExecutor$Worker.run(ThreadPoolExecutor.java:642)
	at java.base/java.lang.Thread.run(Thread.java:1583)
2025.03.31 17:32:09 INFO  Started: Metals version 1.5.2 in folders '/home/gordonyx/src/scala/play-rest-api' for client Neovim 0.10.4+ge96f75a4e6.[0m
2025.03.31 17:32:09 INFO  no build target found for /home/gordonyx/src/scala/play-rest-api/build.sbt. Using presentation compiler with project's scala-library version: 3.3.5[0m
2025.03.31 17:32:09 INFO  Attempting to connect to the build server...[0m
2025.03.31 17:32:09 INFO  Found a Bloop server running[0m
2025.03.31 17:32:10 INFO  tracing is disabled for protocol BSP, to enable tracing of incoming and outgoing JSON messages create an empty file at /home/gordonyx/src/scala/play-rest-api/.metals/bsp.trace.json or /home/gordonyx/.cache/metals/bsp.trace.json[0m
2025.03.31 17:32:10 INFO  Attempting to connect to the build server...[0m
2025.03.31 17:32:10 INFO  Found a Bloop server running[0m
2025.03.31 17:32:10 INFO  Attempting to connect to the build server...[0m
2025.03.31 17:32:10 INFO  Found a Bloop server running[0m
2025.03.31 17:32:10 INFO  tracing is disabled for protocol BSP, to enable tracing of incoming and outgoing JSON messages create an empty file at /home/gordonyx/src/scala/play-rest-api/project/.metals/bsp.trace.json or /home/gordonyx/.cache/metals/bsp.trace.json[0m
2025.03.31 17:32:10 INFO  tracing is disabled for protocol BSP, to enable tracing of incoming and outgoing JSON messages create an empty file at /home/gordonyx/src/scala/play-rest-api/project/project/.metals/bsp.trace.json or /home/gordonyx/.cache/metals/bsp.trace.json[0m
2025.03.31 17:32:10 INFO  time: Connected to build server in 0.49s[0m
2025.03.31 17:32:10 INFO  Connected to Build server: Bloop v2.0.8[0m
2025.03.31 17:32:10 INFO  time: Imported build in 0.15s[0m
2025.03.31 17:32:15 INFO  time: indexed workspace in 4.3s[0m
Mar 31, 2025 5:32:27 PM org.eclipse.lsp4j.jsonrpc.RemoteEndpoint handleCancellation
WARNING: Unmatched cancel notification for request id 2
2025.03.31 17:32:27 INFO  Disconnecting from Bloop session...[0m
2025.03.31 17:32:27 INFO  Shut down connection with build server.[0m
2025.03.31 17:32:27 INFO  Shut down connection with build server.[0m
2025.03.31 17:32:27 INFO  Shut down connection with build server.[0m
2025.03.31 17:32:27 INFO  [0m[31m[E][0m Caught java.lang.InterruptedException[0m
2025.03.31 17:32:27 INFO  [0m[31m[E][0m Caught java.lang.InterruptedException[0m
2025.03.31 17:32:27 ERROR Bloop 'bsp' command exited with code 1. Something may be wrong with the current configuration.
Running the [1mclean[0m sub-command to clear the working directory and remove caches might help.
If the error persists, please report the issue as a bug and attach a log with increased verbosity by passing [1m-v -v -v[0m.[0m
2025.03.31 17:32:27 ERROR Bloop 'bsp' command exited with code 1. Something may be wrong with the current configuration.
Running the [1mclean[0m sub-command to clear the working directory and remove caches might help.
If the error persists, please report the issue as a bug and attach a log with increased verbosity by passing [1m-v -v -v[0m.[0m
2025.03.31 17:32:27 ERROR Bloop 'bsp' command exited with code 1. Something may be wrong with the current configuration.
Running the [1mclean[0m sub-command to clear the working directory and remove caches might help.
If the error persists, please report the issue as a bug and attach a log with increased verbosity by passing [1m-v -v -v[0m.[0m
2025.03.31 17:32:27 INFO  Attempting to connect to the build server...[0m
2025.03.31 17:32:27 INFO  No running Bloop server found, starting one.[0m
2025.03.31 17:32:27 INFO  Starting compilation server[0m
2025.03.31 17:32:29 INFO  tracing is disabled for protocol BSP, to enable tracing of incoming and outgoing JSON messages create an empty file at /home/gordonyx/src/scala/play-rest-api/.metals/bsp.trace.json or /home/gordonyx/.cache/metals/bsp.trace.json[0m
2025.03.31 17:32:29 INFO  Attempting to connect to the build server...[0m
2025.03.31 17:32:29 INFO  Found a Bloop server running[0m
2025.03.31 17:32:29 INFO  Attempting to connect to the build server...[0m
2025.03.31 17:32:29 INFO  Found a Bloop server running[0m
2025.03.31 17:32:29 INFO  tracing is disabled for protocol BSP, to enable tracing of incoming and outgoing JSON messages create an empty file at /home/gordonyx/src/scala/play-rest-api/project/project/.metals/bsp.trace.json or /home/gordonyx/.cache/metals/bsp.trace.json[0m
2025.03.31 17:32:29 INFO  tracing is disabled for protocol BSP, to enable tracing of incoming and outgoing JSON messages create an empty file at /home/gordonyx/src/scala/play-rest-api/project/.metals/bsp.trace.json or /home/gordonyx/.cache/metals/bsp.trace.json[0m
2025.03.31 17:32:29 INFO  time: Connected to build server in 1.77s[0m
2025.03.31 17:32:29 INFO  Connected to Build server: Bloop v2.0.9[0m
2025.03.31 17:32:31 INFO  time: indexed workspace in 1.57s[0m
2025.03.31 18:47:56 INFO  Shutting down server[0m
2025.03.31 18:47:56 INFO  shutting down Metals[0m
2025.03.31 18:47:57 INFO  Shut down connection with build server.[0m
2025.03.31 18:47:57 INFO  Shut down connection with build server.[0m
2025.03.31 18:47:57 INFO  Shut down connection with build server.[0m
2025.03.31 19:31:12 INFO  Started: Metals version 1.5.2 in folders '/home/gordonyx/src/scala/play-rest-api' for client Neovim 0.10.4+ge96f75a4e6.[0m
2025.03.31 19:31:13 INFO  no build target found for /home/gordonyx/src/scala/play-rest-api/build.sbt. Using presentation compiler with project's scala-library version: 3.3.5[0m
2025.03.31 19:31:13 INFO  Attempting to connect to the build server...[0m
2025.03.31 19:31:13 INFO  No running Bloop server found, starting one.[0m
2025.03.31 19:31:14 INFO  Starting compilation server[0m
2025.03.31 19:31:15 INFO  no build target found for /home/gordonyx/src/scala/play-rest-api/build.sbt. Using presentation compiler with project's scala-library version: 3.3.5[0m
2025.03.31 19:31:15 INFO  tracing is disabled for protocol BSP, to enable tracing of incoming and outgoing JSON messages create an empty file at /home/gordonyx/src/scala/play-rest-api/.metals/bsp.trace.json or /home/gordonyx/.cache/metals/bsp.trace.json[0m
2025.03.31 19:31:16 INFO  Attempting to connect to the build server...[0m
2025.03.31 19:31:16 INFO  Found a Bloop server running[0m
2025.03.31 19:31:16 INFO  Attempting to connect to the build server...[0m
2025.03.31 19:31:16 INFO  Found a Bloop server running[0m
2025.03.31 19:31:16 INFO  tracing is disabled for protocol BSP, to enable tracing of incoming and outgoing JSON messages create an empty file at /home/gordonyx/src/scala/play-rest-api/project/project/.metals/bsp.trace.json or /home/gordonyx/.cache/metals/bsp.trace.json[0m
2025.03.31 19:31:16 INFO  tracing is disabled for protocol BSP, to enable tracing of incoming and outgoing JSON messages create an empty file at /home/gordonyx/src/scala/play-rest-api/project/.metals/bsp.trace.json or /home/gordonyx/.cache/metals/bsp.trace.json[0m
2025.03.31 19:31:16 INFO  time: Connected to build server in 2.73s[0m
2025.03.31 19:31:16 INFO  Connected to Build server: Bloop v2.0.9[0m
2025.03.31 19:31:16 INFO  time: Imported build in 0.18s[0m
2025.03.31 19:31:20 INFO  time: indexed workspace in 3.79s[0m
2025.03.31 19:31:22 INFO  time: code lens generation in 2.19s[0m
2025.03.31 19:31:38 INFO  compiling root (7 scala sources and 1 java source)[0m
2025.03.31 19:31:43 INFO  time: compiled root in 5.06s[0m
2025.03.31 19:37:44 INFO  Shutting down server[0m
2025.03.31 19:37:44 INFO  shutting down Metals[0m
2025.03.31 19:37:44 INFO  Shut down connection with build server.[0m
2025.03.31 19:37:44 INFO  Shut down connection with build server.[0m
2025.03.31 19:37:44 INFO  Shut down connection with build server.[0m
java.util.concurrent.RejectedExecutionException: Task Future(<not completed>) rejected from java.util.concurrent.ThreadPoolExecutor@6fd02e5[Terminated, pool size = 0, active threads = 0, queued tasks = 0, completed tasks = 743]
	at java.base/java.util.concurrent.ThreadPoolExecutor$AbortPolicy.rejectedExecution(ThreadPoolExecutor.java:2081)
	at java.base/java.util.concurrent.ThreadPoolExecutor.reject(ThreadPoolExecutor.java:841)
	at java.base/java.util.concurrent.ThreadPoolExecutor.execute(ThreadPoolExecutor.java:1376)
	at scala.concurrent.impl.ExecutionContextImpl.execute(ExecutionContextImpl.scala:21)
	at scala.concurrent.impl.Promise$Transformation.submitWithValue(Promise.scala:429)
	at scala.concurrent.impl.Promise$DefaultPromise.submitWithValue(Promise.scala:338)
	at scala.concurrent.impl.Promise$DefaultPromise.tryComplete0(Promise.scala:285)
	at scala.concurrent.impl.Promise$Transformation.handleFailure(Promise.scala:444)
2025.03.31 21:50:03 INFO  Started: Metals version 1.5.2 in folders '/home/gordonyx/src/scala/play-rest-api' for client Neovim 0.10.4+ge96f75a4e6.[0m
2025.03.31 21:50:03 INFO  no build target found for /home/gordonyx/src/scala/play-rest-api/app/domain/Car.scala. Using presentation compiler with project's scala-library version: 3.3.5[0m
2025.03.31 21:50:03 INFO  Attempting to connect to the build server...[0m
2025.03.31 21:50:03 INFO  Found a Bloop server running[0m
2025.03.31 21:50:04 INFO  tracing is disabled for protocol BSP, to enable tracing of incoming and outgoing JSON messages create an empty file at /home/gordonyx/src/scala/play-rest-api/.metals/bsp.trace.json or /home/gordonyx/.cache/metals/bsp.trace.json[0m
2025.03.31 21:50:04 INFO  Attempting to connect to the build server...[0m
2025.03.31 21:50:04 INFO  Found a Bloop server running[0m
2025.03.31 21:50:04 INFO  Attempting to connect to the build server...[0m
2025.03.31 21:50:04 INFO  Found a Bloop server running[0m
2025.03.31 21:50:04 INFO  tracing is disabled for protocol BSP, to enable tracing of incoming and outgoing JSON messages create an empty file at /home/gordonyx/src/scala/play-rest-api/project/project/.metals/bsp.trace.json or /home/gordonyx/.cache/metals/bsp.trace.json[0m
2025.03.31 21:50:04 INFO  tracing is disabled for protocol BSP, to enable tracing of incoming and outgoing JSON messages create an empty file at /home/gordonyx/src/scala/play-rest-api/project/.metals/bsp.trace.json or /home/gordonyx/.cache/metals/bsp.trace.json[0m
2025.03.31 21:50:04 INFO  time: Connected to build server in 0.52s[0m
2025.03.31 21:50:04 INFO  Connected to Build server: Bloop v2.0.9[0m
2025.03.31 21:50:04 INFO  time: Imported build in 0.23s[0m
2025.03.31 21:50:09 INFO  time: indexed workspace in 4.15s[0m
2025.03.31 21:50:09 INFO  compiling root (1 scala source)[0m
Mar 31, 2025 9:50:10 PM org.eclipse.lsp4j.jsonrpc.RemoteEndpoint handleCancellation
WARNING: Unmatched cancel notification for request id 2
2025.03.31 21:50:10 INFO  time: compiled root in 1.05s[0m
2025.03.31 21:50:10 INFO  compiling root-test (1 scala source)[0m
2025.03.31 21:50:12 INFO  time: compiled root-test in 1.94s[0m
2025.03.31 21:50:53 INFO  compiling root (1 scala source)[0m
2025.03.31 21:50:54 INFO  time: compiled root in 1.1s[0m
2025.03.31 21:51:33 INFO  compiling root (1 scala source)[0m
2025.03.31 21:51:34 INFO  time: compiled root in 1.08s[0m
2025.03.31 21:52:12 INFO  compiling root (1 scala source)[0m
2025.03.31 21:52:12 INFO  time: compiled root in 0.3s[0m
Mar 31, 2025 9:52:13 PM org.eclipse.lsp4j.jsonrpc.RemoteEndpoint handleCancellation
WARNING: Unmatched cancel notification for request id 57
2025.03.31 21:52:59 INFO  compiling root (1 scala source)[0m
2025.03.31 21:52:59 INFO  time: compiled root in 0.45s[0m
2025.03.31 21:54:58 INFO  compiling root (1 scala source)[0m
2025.03.31 21:54:58 INFO  time: compiled root in 0.84s[0m
Mar 31, 2025 9:55:06 PM org.eclipse.lsp4j.jsonrpc.RemoteEndpoint handleCancellation
WARNING: Unmatched cancel notification for request id 97
Mar 31, 2025 9:56:26 PM scala.meta.internal.pc.CompilerAccess retryWithCleanCompiler
INFO: compiler crashed due to an error in the Scala compiler, retrying with new compiler instance.
Mar 31, 2025 9:56:26 PM scala.meta.internal.metals.StdReporter $anonfun$create$1
WARNING: java.lang.AssertionError: assertion failed: bad position: [127:126] (full report at: /home/gordonyx/src/scala/play-rest-api/.metals/.reports/metals-full/2025-03-31/r_compiler-error_(root)_21-56-26-541.md)
2025.03.31 22:02:38 INFO  compiling root (1 scala source)[0m
2025.03.31 22:02:40 INFO  time: compiled root in 1.6s[0m
2025.03.31 22:02:40 INFO  compiling root (1 scala source)[0m
2025.03.31 22:02:40 INFO  time: compiled root in 0.3s[0m
2025.03.31 22:08:40 INFO  compiling root (1 scala source)[0m
2025.03.31 22:08:42 INFO  time: compiled root in 1.78s[0m
2025.03.31 22:10:24 INFO  compiling root (1 scala source)[0m
2025.03.31 22:10:24 INFO  time: compiled root in 0.88s[0m
Mar 31, 2025 10:10:26 PM org.eclipse.lsp4j.jsonrpc.RemoteEndpoint handleCancellation
WARNING: Unmatched cancel notification for request id 375
2025.03.31 22:11:37 INFO  compiling root (1 scala source)[0m
2025.03.31 22:11:39 INFO  time: compiled root in 1.48s[0m
2025.03.31 22:12:08 INFO  compiling root (1 scala source)[0m
2025.03.31 22:12:08 INFO  time: compiled root in 0.27s[0m
Mar 31, 2025 10:12:18 PM org.eclipse.lsp4j.jsonrpc.RemoteEndpoint handleCancellation
WARNING: Unmatched cancel notification for request id 483
2025.03.31 22:14:47 INFO  compiling root (1 scala source)[0m
2025.03.31 22:14:48 INFO  time: compiled root in 1.02s[0m
2025.03.31 22:19:43 INFO  compiling root (1 scala source)[0m
2025.03.31 22:19:43 INFO  time: compiled root in 0.56s[0m
2025.03.31 22:19:43 INFO  compiling root (1 scala source)[0m
2025.03.31 22:19:43 INFO  time: compiled root in 0.21s[0m
2025.03.31 22:20:18 INFO  compiling root (1 scala source)[0m
2025.03.31 22:20:19 INFO  time: compiled root in 1.15s[0m
2025.03.31 22:22:56 INFO  compiling root (1 scala source)[0m
2025.03.31 22:22:57 INFO  time: compiled root in 1.64s[0m
2025.03.31 22:23:34 INFO  compiling root (1 scala source)[0m
2025.03.31 22:23:34 INFO  time: compiled root in 0.74s[0m
2025.03.31 22:24:28 INFO  compiling root (1 scala source)[0m
2025.03.31 22:24:28 INFO  time: compiled root in 0.22s[0m
Mar 31, 2025 10:24:29 PM org.eclipse.lsp4j.jsonrpc.RemoteEndpoint handleCancellation
WARNING: Unmatched cancel notification for request id 818
2025.03.31 22:25:13 INFO  compiling root (1 scala source)[0m
2025.03.31 22:25:15 INFO  time: compiled root in 1.46s[0m
2025.03.31 22:26:10 INFO  compiling root (1 scala source)[0m
2025.03.31 22:26:10 INFO  time: compiled root in 0.9s[0m
2025.03.31 22:27:58 INFO  compiling root (1 scala source)[0m
2025.03.31 22:27:59 INFO  time: compiled root in 1.06s[0m
2025.03.31 22:28:24 INFO  compiling root (1 scala source)[0m
2025.03.31 22:28:24 INFO  time: compiled root in 0.66s[0m
2025.03.31 22:29:05 INFO  compiling root (1 scala source)[0m
2025.03.31 22:29:05 INFO  time: compiled root in 0.41s[0m
2025.03.31 22:29:05 INFO  compiling root (1 scala source)[0m
2025.03.31 22:29:05 INFO  time: compiled root in 0.16s[0m
2025.03.31 22:31:00 INFO  compiling root (1 scala source)[0m
2025.03.31 22:31:00 INFO  time: compiled root in 0.53s[0m
2025.03.31 22:31:00 INFO  compiling root (1 scala source)[0m
2025.03.31 22:31:00 INFO  time: compiled root in 0.2s[0m
2025.03.31 22:33:09 INFO  compiling root (1 scala source)[0m
2025.03.31 22:33:10 INFO  time: compiled root in 1.37s[0m
2025.03.31 22:33:10 INFO  compiling root (1 scala source)[0m
2025.03.31 22:33:10 INFO  time: compiled root in 0.32s[0m
2025.03.31 22:33:24 INFO  compiling root (1 scala source)[0m
2025.03.31 22:33:24 INFO  time: compiled root in 0.57s[0m
2025.03.31 22:33:24 INFO  compiling root (1 scala source)[0m
2025.03.31 22:33:24 INFO  time: compiled root in 0.19s[0m
2025.03.31 22:35:57 INFO  compiling root (1 scala source)[0m
2025.03.31 22:35:58 INFO  time: compiled root in 1.84s[0m
2025.03.31 22:52:02 INFO  Shutting down server[0m
2025.03.31 22:52:02 INFO  shutting down Metals[0m
2025.03.31 22:52:02 INFO  Shut down connection with build server.[0m
2025.03.31 22:52:02 INFO  Shut down connection with build server.[0m
2025.03.31 22:52:02 INFO  Shut down connection with build server.[0m
2025.04.01 09:06:40 INFO  Started: Metals version 1.5.2 in folders '/home/gordonyx/src/scala/play-rest-api' for client Neovim 0.10.4+ge96f75a4e6.[0m
2025.04.01 09:06:41 INFO  no build target found for /home/gordonyx/src/scala/play-rest-api/app/db/InMemoryDb.scala. Using presentation compiler with project's scala-library version: 3.3.5[0m
2025.04.01 09:06:41 INFO  no build target found for /home/gordonyx/src/scala/play-rest-api/app/db/InMemoryDb.scala. Using presentation compiler with project's scala-library version: 3.3.5[0m
2025.04.01 09:06:41 INFO  Attempting to connect to the build server...[0m
2025.04.01 09:06:41 INFO  Found a Bloop server running[0m
2025.04.01 09:06:41 INFO  tracing is disabled for protocol BSP, to enable tracing of incoming and outgoing JSON messages create an empty file at /home/gordonyx/src/scala/play-rest-api/.metals/bsp.trace.json or /home/gordonyx/.cache/metals/bsp.trace.json[0m
2025.04.01 09:06:41 INFO  Attempting to connect to the build server...[0m
2025.04.01 09:06:41 INFO  Found a Bloop server running[0m
2025.04.01 09:06:41 INFO  Attempting to connect to the build server...[0m
2025.04.01 09:06:41 INFO  Found a Bloop server running[0m
2025.04.01 09:06:42 INFO  tracing is disabled for protocol BSP, to enable tracing of incoming and outgoing JSON messages create an empty file at /home/gordonyx/src/scala/play-rest-api/project/project/.metals/bsp.trace.json or /home/gordonyx/.cache/metals/bsp.trace.json[0m
2025.04.01 09:06:42 INFO  tracing is disabled for protocol BSP, to enable tracing of incoming and outgoing JSON messages create an empty file at /home/gordonyx/src/scala/play-rest-api/project/.metals/bsp.trace.json or /home/gordonyx/.cache/metals/bsp.trace.json[0m
2025.04.01 09:06:42 INFO  time: Connected to build server in 0.49s[0m
2025.04.01 09:06:42 INFO  Connected to Build server: Bloop v2.0.9[0m
2025.04.01 09:06:42 INFO  time: Imported build in 0.2s[0m
2025.04.01 09:06:46 INFO  time: indexed workspace in 4.23s[0m
Apr 01, 2025 9:06:47 AM org.eclipse.lsp4j.jsonrpc.RemoteEndpoint handleCancellation
WARNING: Unmatched cancel notification for request id 2
2025.04.01 09:07:14 INFO  Shutting down server[0m
2025.04.01 09:07:14 INFO  shutting down Metals[0m
2025.04.01 09:07:14 INFO  Shut down connection with build server.[0m
2025.04.01 09:07:14 INFO  Shut down connection with build server.[0m
2025.04.01 09:07:14 INFO  Shut down connection with build server.[0m
